<?xml version="1.0" encoding="UTF-8"?>
<!-- Generated by org.testng.reporters.JUnitXMLReporter -->
<testsuite ignored="0" hostname="DESKTOP-50IMMH8" failures="1" tests="1" name="Grouping scenarios" time="0.971" errors="0" timestamp="2023-10-12T20:52:06 IST">
  <testcase classname="testcase.Grouping_Department_Test" name="verifyLoginWithValidCredentials" time="0.932">
    <failure type="org.testng.internal.reflect.MethodMatcherException" message="
[public void testcase.Grouping_Department_Test.verifyLoginWithValidCredentials(java.lang.String,java.lang.String,java.lang.String) throws java.lang.InterruptedException] has no parameters defined but was found to be using a data provider (either explicitly specified or inherited from class level annotation).
Data provider mismatch
Method: verifyLoginWithValidCredentials([Parameter{index=0, type=java.lang.String, declaredAnnotations=[]}, Parameter{index=1, type=java.lang.String, declaredAnnotations=[]}, Parameter{index=2, type=java.lang.String, declaredAnnotations=[]}])
Arguments: [(java.lang.String) Create_Valid_accept,(java.lang.String) Data Science]">
      <![CDATA[org.testng.internal.reflect.MethodMatcherException: 
[public void testcase.Grouping_Department_Test.verifyLoginWithValidCredentials(java.lang.String,java.lang.String,java.lang.String) throws java.lang.InterruptedException] has no parameters defined but was found to be using a data provider (either explicitly specified or inherited from class level annotation).
Data provider mismatch
Method: verifyLoginWithValidCredentials([Parameter{index=0, type=java.lang.String, declaredAnnotations=[]}, Parameter{index=1, type=java.lang.String, declaredAnnotations=[]}, Parameter{index=2, type=java.lang.String, declaredAnnotations=[]}])
Arguments: [(java.lang.String) Create_Valid_accept,(java.lang.String) Data Science]
at java.base/java.util.ArrayList.forEach(ArrayList.java:1511)
... Removed 22 stack frames]]>
    </failure>
  </testcase> <!-- verifyLoginWithValidCredentials -->
</testsuite> <!-- Grouping scenarios -->
