<?xml version="1.0" encoding="UTF-8"?>
<!-- Generated by org.testng.reporters.JUnitXMLReporter -->
<testsuite ignored="0" hostname="DESKTOP-50IMMH8" failures="0" tests="8" name="HR Automation Test" time="34.902" errors="0" timestamp="2023-10-07T13:48:56 IST">
  <testcase classname="testcase.LoginTest" name="verifyLoginWithValidCredentials" time="5.773"/>
  <testcase classname="testcase.LoginTest" name="verifyLoginWithValidCredentials" time="3.624"/>
  <testcase classname="testcase.LoginTest" name="verifyLoginWithValidCredentials" time="4.624"/>
  <testcase classname="testcase.LoginTest" name="verifyLoginWithValidCredentials" time="3.894"/>
  <testcase classname="testcase.LoginTest" name="verifyLoginWithValidCredentials" time="3.787"/>
  <testcase classname="testcase.LoginTest" name="verifyLoginWithValidCredentials" time="3.762"/>
  <testcase classname="testcase.LoginTest" name="verifyLoginWithValidCredentials" time="4.117"/>
  <testcase classname="testcase.LoginTest" name="verifyLoginWithValidCredentials" time="4.366"/>
</testsuite> <!-- HR Automation Test -->
