<?xml version="1.0" encoding="UTF-8"?>
<!-- Generated by org.testng.reporters.JUnitXMLReporter -->
<testsuite ignored="0" hostname="DESKTOP-50IMMH8" failures="0" tests="8" name="Login scenarios" time="36.828" errors="0" timestamp="2023-10-08T13:36:21 IST">
  <testcase classname="testcase.LoginTest" name="verifyLoginWithValidCredentials" time="7.184"/>
  <testcase classname="testcase.LoginTest" name="verifyLoginWithValidCredentials" time="3.63"/>
  <testcase classname="testcase.LoginTest" name="verifyLoginWithValidCredentials" time="4.717"/>
  <testcase classname="testcase.LoginTest" name="verifyLoginWithValidCredentials" time="3.929"/>
  <testcase classname="testcase.LoginTest" name="verifyLoginWithValidCredentials" time="4.334"/>
  <testcase classname="testcase.LoginTest" name="verifyLoginWithValidCredentials" time="3.662"/>
  <testcase classname="testcase.LoginTest" name="verifyLoginWithValidCredentials" time="4.052"/>
  <testcase classname="testcase.LoginTest" name="verifyLoginWithValidCredentials" time="4.382"/>
</testsuite> <!-- Login scenarios -->
