<?xml version="1.0" encoding="UTF-8"?>
<testng-results ignored="0" total="2" passed="2" failed="0" skipped="0">
  <reporter-output>
  </reporter-output>
  <suite started-at="2026-01-07T13:05:05 IST" name="Default suite" finished-at="2026-01-07T13:05:26 IST" duration-ms="21004">
    <groups>
    </groups>
    <test started-at="2026-01-07T13:05:05 IST" name="Default test" finished-at="2026-01-07T13:05:26 IST" duration-ms="21004">
      <class name="testcase.AdminpageBreakTest">
        <test-method is-config="true" signature="setup()[pri:0, instance:testcase.AdminpageBreakTest@1cb346ea]" started-at="2026-01-07T13:05:05 IST" name="setup" finished-at="2026-01-07T13:05:18 IST" duration-ms="12921" status="PASS">
          <reporter-output>
          </reporter-output>
        </test-method> <!-- setup -->
        <test-method signature="dashboardPageBreak()[pri:0, instance:testcase.AdminpageBreakTest@1cb346ea]" started-at="2026-01-07T13:05:18 IST" name="dashboardPageBreak" finished-at="2026-01-07T13:05:20 IST" duration-ms="2211" status="PASS">
          <reporter-output>
          </reporter-output>
        </test-method> <!-- dashboardPageBreak -->
        <test-method signature="ClickOnMenu()[pri:2, instance:testcase.AdminpageBreakTest@1cb346ea]" started-at="2026-01-07T13:05:20 IST" name="ClickOnMenu" finished-at="2026-01-07T13:05:25 IST" duration-ms="4591" status="PASS">
          <reporter-output>
          </reporter-output>
        </test-method> <!-- ClickOnMenu -->
        <test-method is-config="true" signature="tearDown()[pri:0, instance:testcase.AdminpageBreakTest@1cb346ea]" started-at="2026-01-07T13:05:25 IST" name="tearDown" finished-at="2026-01-07T13:05:26 IST" duration-ms="1154" status="PASS">
          <reporter-output>
          </reporter-output>
        </test-method> <!-- tearDown -->
      </class> <!-- testcase.AdminpageBreakTest -->
    </test> <!-- Default test -->
  </suite> <!-- Default suite -->
</testng-results>
