<?xml version="1.0" encoding="UTF-8"?>
<testng-results ignored="0" total="2" passed="2" failed="0" skipped="0">
  <reporter-output>
  </reporter-output>
  <suite started-at="2026-01-06T18:36:06 IST" name="Default suite" finished-at="2026-01-06T18:37:02 IST" duration-ms="55809">
    <groups>
    </groups>
    <test started-at="2026-01-06T18:36:06 IST" name="Default test" finished-at="2026-01-06T18:37:02 IST" duration-ms="55809">
      <class name="testcase.MerchantpageBreakTest">
        <test-method is-config="true" signature="setup()[pri:0, instance:testcase.MerchantpageBreakTest@4bd31064]" started-at="2026-01-06T18:36:06 IST" name="setup" finished-at="2026-01-06T18:36:18 IST" duration-ms="11928" status="PASS">
          <reporter-output>
          </reporter-output>
        </test-method> <!-- setup -->
        <test-method signature="dashboardPageBreak()[pri:0, instance:testcase.MerchantpageBreakTest@4bd31064]" started-at="2026-01-06T18:36:18 IST" name="dashboardPageBreak" finished-at="2026-01-06T18:36:22 IST" duration-ms="4358" status="PASS">
          <reporter-output>
          </reporter-output>
        </test-method> <!-- dashboardPageBreak -->
        <test-method signature="checkFuelStationDevicesTest()[pri:5, instance:testcase.MerchantpageBreakTest@4bd31064]" started-at="2026-01-06T18:36:22 IST" name="checkFuelStationDevicesTest" finished-at="2026-01-06T18:37:00 IST" duration-ms="37395" status="PASS">
          <reporter-output>
          </reporter-output>
        </test-method> <!-- checkFuelStationDevicesTest -->
        <test-method is-config="true" signature="tearDown()[pri:0, instance:testcase.MerchantpageBreakTest@4bd31064]" started-at="2026-01-06T18:37:00 IST" name="tearDown" finished-at="2026-01-06T18:37:02 IST" duration-ms="2004" status="PASS">
          <reporter-output>
          </reporter-output>
        </test-method> <!-- tearDown -->
      </class> <!-- testcase.MerchantpageBreakTest -->
    </test> <!-- Default test -->
  </suite> <!-- Default suite -->
</testng-results>
