<?xml version="1.0" encoding="UTF-8"?>
<testng-results ignored="0" total="8" passed="7" failed="1" skipped="0">
  <reporter-output>
  </reporter-output>
  <suite started-at="2026-01-14T15:52:26 IST" name="Default suite" finished-at="2026-01-14T15:53:34 IST" duration-ms="67637">
    <groups>
    </groups>
    <test started-at="2026-01-14T15:52:26 IST" name="Default test" finished-at="2026-01-14T15:53:34 IST" duration-ms="67637">
      <class name="testcase.AdminpageBreakTest">
        <test-method is-config="true" signature="setup()[pri:0, instance:testcase.AdminpageBreakTest@49e5f737]" started-at="2026-01-14T15:52:26 IST" name="setup" finished-at="2026-01-14T15:52:38 IST" duration-ms="11789" status="PASS">
          <reporter-output>
          </reporter-output>
        </test-method> <!-- setup -->
        <test-method signature="dashboardPageBreak()[pri:0, instance:testcase.AdminpageBreakTest@49e5f737]" started-at="2026-01-14T15:52:38 IST" name="dashboardPageBreak" finished-at="2026-01-14T15:52:38 IST" duration-ms="291" status="PASS">
          <reporter-output>
          </reporter-output>
        </test-method> <!-- dashboardPageBreak -->
        <test-method signature="checkDashboardTest()[pri:2, instance:testcase.AdminpageBreakTest@49e5f737]" started-at="2026-01-14T15:52:38 IST" name="checkDashboardTest" finished-at="2026-01-14T15:52:43 IST" duration-ms="4973" status="FAIL">
          <exception class="java.lang.AssertionError">
            <message>
              <![CDATA[expected [SearchFuelCardUsageStatistics.do] but found [AdminDashboard.do]]]>
            </message>
            <full-stacktrace>
              <![CDATA[java.lang.AssertionError: expected [SearchFuelCardUsageStatistics.do] but found [AdminDashboard.do]
at org.testng.Assert.fail(Assert.java:111)
at org.testng.Assert.failNotEquals(Assert.java:1590)
at org.testng.Assert.assertEqualsImpl(Assert.java:150)
at org.testng.Assert.assertEquals(Assert.java:132)
at org.testng.Assert.assertEquals(Assert.java:656)
at org.testng.Assert.assertEquals(Assert.java:666)
at individualPages.AdminDashboard.ClickSearchButton(AdminDashboard.java:48)
at testcase.AdminpageBreakTest.checkDashboardTest(AdminpageBreakTest.java:74)
at java.base/jdk.internal.reflect.DirectMethodHandleAccessor.invoke(DirectMethodHandleAccessor.java:103)
at java.base/java.lang.reflect.Method.invoke(Method.java:580)
at org.testng.internal.invokers.MethodInvocationHelper.invokeMethod(MethodInvocationHelper.java:141)
at org.testng.internal.invokers.TestInvoker.invokeMethod(TestInvoker.java:687)
at org.testng.internal.invokers.TestInvoker.invokeTestMethod(TestInvoker.java:230)
at org.testng.internal.invokers.MethodRunner.runInSequence(MethodRunner.java:63)
at org.testng.internal.invokers.TestInvoker$MethodInvocationAgent.invoke(TestInvoker.java:995)
at org.testng.internal.invokers.TestInvoker.invokeTestMethods(TestInvoker.java:203)
at org.testng.internal.invokers.TestMethodWorker.invokeTestMethods(TestMethodWorker.java:154)
at org.testng.internal.invokers.TestMethodWorker.run(TestMethodWorker.java:134)
at java.base/java.util.ArrayList.forEach(ArrayList.java:1596)
at org.testng.TestRunner.privateRun(TestRunner.java:741)
at org.testng.TestRunner.run(TestRunner.java:616)
at org.testng.SuiteRunner.runTest(SuiteRunner.java:421)
at org.testng.SuiteRunner.runSequentially(SuiteRunner.java:413)
at org.testng.SuiteRunner.privateRun(SuiteRunner.java:373)
at org.testng.SuiteRunner.run(SuiteRunner.java:312)
at org.testng.SuiteRunnerWorker.runSuite(SuiteRunnerWorker.java:52)
at org.testng.SuiteRunnerWorker.run(SuiteRunnerWorker.java:95)
at org.testng.TestNG.runSuitesSequentially(TestNG.java:1274)
at org.testng.TestNG.runSuitesLocally(TestNG.java:1208)
at org.testng.TestNG.runSuites(TestNG.java:1112)
at org.testng.TestNG.run(TestNG.java:1079)
at org.testng.remote.AbstractRemoteTestNG.run(AbstractRemoteTestNG.java:115)
at org.testng.remote.RemoteTestNG.initAndRun(RemoteTestNG.java:293)
at org.testng.remote.RemoteTestNG.main(RemoteTestNG.java:91)
]]>
            </full-stacktrace>
          </exception> <!-- java.lang.AssertionError -->
          <reporter-output>
          </reporter-output>
        </test-method> <!-- checkDashboardTest -->
        <test-method signature="CheckFinanceReport()[pri:3, instance:testcase.AdminpageBreakTest@49e5f737]" started-at="2026-01-14T15:52:43 IST" name="CheckFinanceReport" finished-at="2026-01-14T15:52:53 IST" duration-ms="9131" status="PASS">
          <reporter-output>
          </reporter-output>
        </test-method> <!-- CheckFinanceReport -->
        <test-method signature="CheckAllMerchantReport()[pri:4, instance:testcase.AdminpageBreakTest@49e5f737]" started-at="2026-01-14T15:52:53 IST" name="CheckAllMerchantReport" finished-at="2026-01-14T15:52:59 IST" duration-ms="6349" status="PASS">
          <reporter-output>
          </reporter-output>
        </test-method> <!-- CheckAllMerchantReport -->
        <test-method signature="CheckDailyMerchantReport()[pri:5, instance:testcase.AdminpageBreakTest@49e5f737]" started-at="2026-01-14T15:52:59 IST" name="CheckDailyMerchantReport" finished-at="2026-01-14T15:53:11 IST" duration-ms="11829" status="PASS">
          <reporter-output>
          </reporter-output>
        </test-method> <!-- CheckDailyMerchantReport -->
        <test-method signature="CheckFuelkadCustomers()[pri:6, instance:testcase.AdminpageBreakTest@49e5f737]" started-at="2026-01-14T15:53:11 IST" name="CheckFuelkadCustomers" finished-at="2026-01-14T15:53:22 IST" duration-ms="10873" status="PASS">
          <reporter-output>
          </reporter-output>
        </test-method> <!-- CheckFuelkadCustomers -->
        <test-method signature="CheckTopupCustomers()[pri:7, instance:testcase.AdminpageBreakTest@49e5f737]" started-at="2026-01-14T15:53:22 IST" name="CheckTopupCustomers" finished-at="2026-01-14T15:53:27 IST" duration-ms="5631" status="PASS">
          <reporter-output>
          </reporter-output>
        </test-method> <!-- CheckTopupCustomers -->
        <test-method signature="CheckTransactionSummary()[pri:8, instance:testcase.AdminpageBreakTest@49e5f737]" started-at="2026-01-14T15:53:27 IST" name="CheckTransactionSummary" finished-at="2026-01-14T15:53:33 IST" duration-ms="5677" status="PASS">
          <reporter-output>
          </reporter-output>
        </test-method> <!-- CheckTransactionSummary -->
        <test-method is-config="true" signature="tearDown()[pri:0, instance:testcase.AdminpageBreakTest@49e5f737]" started-at="2026-01-14T15:53:33 IST" name="tearDown" finished-at="2026-01-14T15:53:34 IST" duration-ms="1025" status="PASS">
          <reporter-output>
          </reporter-output>
        </test-method> <!-- tearDown -->
      </class> <!-- testcase.AdminpageBreakTest -->
    </test> <!-- Default test -->
  </suite> <!-- Default suite -->
</testng-results>
