<?xml version="1.0" encoding="UTF-8"?>
<testng-results ignored="0" total="2" passed="2" failed="0" skipped="0">
  <reporter-output>
  </reporter-output>
  <suite started-at="2026-01-07T16:08:04 IST" name="Default suite" finished-at="2026-01-07T16:08:49 IST" duration-ms="44905">
    <groups>
    </groups>
    <test started-at="2026-01-07T16:08:04 IST" name="Default test" finished-at="2026-01-07T16:08:49 IST" duration-ms="44905">
      <class name="testcase.MerchantpageBreakTest">
        <test-method is-config="true" signature="setup()[pri:0, instance:testcase.MerchantpageBreakTest@f1da57d]" started-at="2026-01-07T16:08:05 IST" name="setup" finished-at="2026-01-07T16:08:14 IST" duration-ms="9905" status="PASS">
          <reporter-output>
          </reporter-output>
        </test-method> <!-- setup -->
        <test-method signature="dashboardPageBreak()[pri:1, instance:testcase.MerchantpageBreakTest@f1da57d]" started-at="2026-01-07T16:08:15 IST" name="dashboardPageBreak" finished-at="2026-01-07T16:08:19 IST" duration-ms="4715" status="PASS">
          <reporter-output>
          </reporter-output>
        </test-method> <!-- dashboardPageBreak -->
        <test-method signature="checkSetFuelPriceTest()[pri:7, instance:testcase.MerchantpageBreakTest@f1da57d]" started-at="2026-01-07T16:08:19 IST" name="checkSetFuelPriceTest" finished-at="2026-01-07T16:08:48 IST" duration-ms="28531" status="PASS">
          <reporter-output>
          </reporter-output>
        </test-method> <!-- checkSetFuelPriceTest -->
        <test-method is-config="true" signature="tearDown()[pri:0, instance:testcase.MerchantpageBreakTest@f1da57d]" started-at="2026-01-07T16:08:48 IST" name="tearDown" finished-at="2026-01-07T16:08:49 IST" duration-ms="1578" status="PASS">
          <reporter-output>
          </reporter-output>
        </test-method> <!-- tearDown -->
      </class> <!-- testcase.MerchantpageBreakTest -->
    </test> <!-- Default test -->
  </suite> <!-- Default suite -->
</testng-results>
