<?xml version="1.0" encoding="UTF-8"?>
<!-- Generated by org.testng.reporters.JUnitReportReporter -->
<testsuite hostname="DESKTOP-L4V85QK" failures="0" tests="3" name="testcase.AdminpageBreakTest" time="14.747" errors="0" timestamp="2026-01-07T15:14:07 IST" skipped="0">
  <testcase classname="testcase.AdminpageBreakTest" name="dashboardPageBreak" time="0.255"/>
  <testcase classname="testcase.AdminpageBreakTest" name="checkDashboardTest" time="8.056"/>
  <testcase classname="testcase.AdminpageBreakTest" name="CheckFinanceReport" time="6.436"/>
</testsuite> <!-- testcase.AdminpageBreakTest -->
