<?xml version="1.0" encoding="UTF-8"?>
<!-- Generated by org.testng.reporters.JUnitReportReporter -->
<testsuite hostname="DESKTOP-50IMMH8" failures="0" tests="8" name="testcase.LoginTest" time="35.890" errors="0" timestamp="2023-10-08T13:36:21 IST" skipped="0">
  <testcase classname="testcase.LoginTest" name="verifyLoginWithValidCredentials" time="4.382"/>
  <system-out/>
  <testcase classname="testcase.LoginTest" name="verifyLoginWithValidCredentials" time="7.184"/>
  <system-out/>
  <testcase classname="testcase.LoginTest" name="verifyLoginWithValidCredentials" time="3.662"/>
  <system-out/>
  <testcase classname="testcase.LoginTest" name="verifyLoginWithValidCredentials" time="4.334"/>
  <system-out/>
  <testcase classname="testcase.LoginTest" name="verifyLoginWithValidCredentials" time="4.052"/>
  <system-out/>
  <testcase classname="testcase.LoginTest" name="verifyLoginWithValidCredentials" time="3.630"/>
  <system-out/>
  <testcase classname="testcase.LoginTest" name="verifyLoginWithValidCredentials" time="3.929"/>
  <system-out/>
  <testcase classname="testcase.LoginTest" name="verifyLoginWithValidCredentials" time="4.717"/>
  <system-out/>
</testsuite> <!-- testcase.LoginTest -->
