<?xml version="1.0" encoding="UTF-8"?>
<!-- Generated by org.testng.reporters.JUnitReportReporter -->
<testsuite hostname="TSS-LT-12" failures="0" tests="2" name="testcase.AdminpageBreakTest" time="7.275" errors="0" timestamp="2026-01-07T15:21:30 IST" skipped="0">
  <testcase classname="testcase.AdminpageBreakTest" name="dashboardPageBreak" time="2.287"/>
  <testcase classname="testcase.AdminpageBreakTest" name="checkDashboardTest" time="4.988"/>
</testsuite> <!-- testcase.AdminpageBreakTest -->
