<?xml version="1.0" encoding="UTF-8"?>
<!-- Generated by org.testng.reporters.JUnitReportReporter -->
<testsuite hostname="TSS-LT-12" failures="0" tests="2" name="testcase.CustomerpageBreakTest" time="22.263" errors="0" timestamp="2026-01-05T16:53:31 IST" skipped="0">
  <testcase classname="testcase.CustomerpageBreakTest" name="dashboardPageBreak" time="5.821"/>
  <testcase classname="testcase.CustomerpageBreakTest" name="CustLoadFuelcardBulkImportTest" time="16.442"/>
</testsuite> <!-- testcase.CustomerpageBreakTest -->
